{
  "RSpec": {
    "coverage": {
      "/Users/nickvo/Documents/Projects/Outdoor_travel_guide/config/environment.rb": [
        null,
        1,
        null,
        null,
        1
      ],
      "/Users/nickvo/Documents/Projects/Outdoor_travel_guide/config/environments/test.rb": [
        1,
        null,
        null,
        null,
        null,
        null,
        null,
        1,
        null,
        null,
        null,
        null,
        1,
        null,
        null,
        1,
        1,
        null,
        null,
        1,
        1,
        null,
        null,
        1,
        null,
        null,
        1,
        null,
        null,
        null,
        null,
        1,
        null,
        null,
        1,
        null,
        null,
        null,
        null
      ],
      "/Users/nickvo/Documents/Projects/Outdoor_travel_guide/config/initializers/assets.rb": [
        null,
        null,
        null,
        1,
        null,
        null,
        null,
        null
      ],
      "/Users/nickvo/Documents/Projects/Outdoor_travel_guide/config/initializers/backtrace_silencers.rb": [
        null,
        null,
        null,
        null,
        null,
        null,
        null
      ],
      "/Users/nickvo/Documents/Projects/Outdoor_travel_guide/config/initializers/cookies_serializer.rb": [
        null,
        null,
        1
      ],
      "/Users/nickvo/Documents/Projects/Outdoor_travel_guide/config/initializers/devise.rb": [
        null,
        null,
        1,
        null,
        null,
        null,
        null,
        null,
        null,
        null,
        null,
        null,
        1,
        null,
        null,
        null,
        null,
        null,
        null,
        null,
        null,
        1,
        null,
        null,
        null,
        null,
        null,
        null,
        null,
        null,
        null,
        null,
        null,
        null,
        null,
        null,
        null,
        null,
        null,
        null,
        null,
        null,
        null,
        1,
        null,
        null,
        null,
        null,
        1,
        null,
        null,
        null,
        null,
        null,
        null,
        null,
        null,
        null,
        null,
        null,
        null,
        null,
        null,
        null,
        null,
        null,
        null,
        null,
        null,
        null,
        null,
        null,
        null,
        null,
        null,
        null,
        null,
        null,
        null,
        1,
        null,
        null,
        null,
        null,
        null,
        null,
        null,
        null,
        null,
        null,
        null,
        null,
        null,
        null,
        null,
        null,
        1,
        null,
        null,
        null,
        null,
        null,
        null,
        null,
        null,
        null,
        null,
        null,
        null,
        null,
        null,
        null,
        null,
        null,
        null,
        null,
        null,
        null,
        null,
        null,
        null,
        1,
        null,
        null,
        null,
        null,
        null,
        null,
        null,
        null,
        null,
        1,
        null,
        null,
        null,
        null,
        null,
        null,
        null,
        null,
        null,
        null,
        1,
        null,
        null,
        null,
        null,
        null,
        null,
        null,
        null,
        null,
        null,
        null,
        null,
        null,
        null,
        null,
        null,
        null,
        null,
        null,
        null,
        null,
        null,
        null,
        null,
        null,
        null,
        null,
        null,
        null,
        null,
        null,
        null,
        null,
        null,
        null,
        null,
        null,
        null,
        null,
        null,
        null,
        null,
        null,
        null,
        null,
        null,
        null,
        null,
        1,
        null,
        null,
        null,
        null,
        null,
        null,
        null,
        null,
        null,
        null,
        null,
        null,
        null,
        null,
        null,
        null,
        null,
        null,
        null,
        null,
        null,
        null,
        null,
        null,
        null,
        null,
        null,
        null,
        null,
        null,
        null,
        null,
        null,
        null,
        null,
        null,
        null,
        1,
        null,
        null,
        null,
        null,
        null,
        null,
        1,
        null,
        null,
        null,
        null,
        null,
        null,
        null,
        null,
        null,
        null,
        null,
        null,
        null,
        null,
        null,
        null,
        null,
        null,
        null,
        null,
        null,
        null,
        null,
        null
      ],
      "/Users/nickvo/Documents/Projects/Outdoor_travel_guide/config/initializers/filter_parameter_logging.rb": [
        null,
        null,
        null,
        1
      ],
      "/Users/nickvo/Documents/Projects/Outdoor_travel_guide/config/initializers/inflections.rb": [
        null,
        null,
        null,
        null,
        null,
        null,
        null,
        null,
        null,
        null,
        null,
        null,
        null,
        null,
        null,
        null
      ],
      "/Users/nickvo/Documents/Projects/Outdoor_travel_guide/config/initializers/mime_types.rb": [
        null,
        null,
        null,
        null
      ],
      "/Users/nickvo/Documents/Projects/Outdoor_travel_guide/config/initializers/session_store.rb": [
        null,
        null,
        1
      ],
      "/Users/nickvo/Documents/Projects/Outdoor_travel_guide/config/initializers/wrap_parameters.rb": [
        null,
        null,
        null,
        null,
        null,
        null,
        1,
        1,
        null,
        null,
        null,
        null,
        null,
        null
      ],
      "/Users/nickvo/Documents/Projects/Outdoor_travel_guide/config/routes.rb": [
        1,
        null,
        null,
        1,
        null,
        1,
        null,
        null,
        1,
        1,
        null,
        1,
        null,
        1,
        null,
        null,
        null,
        null,
        1,
        1,
        1,
        1,
        1,
        1,
        null,
        1,
        null,
        null
      ],
      "/Users/nickvo/Documents/Projects/Outdoor_travel_guide/app/models/user.rb": [
        1,
        1,
        null,
        null,
        1,
        null,
        null,
        null,
        1,
        null,
        null,
        1,
        1,
        null,
        1,
        null,
        1,
        null,
        null,
        0,
        null,
        null,
        null,
        null,
        null,
        0,
        null,
        null,
        0,
        null,
        null,
        null,
        null,
        0,
        0,
        0,
        null,
        null,
        0,
        0,
        null,
        null,
        null,
        null,
        0,
        null,
        null,
        null,
        null,
        0,
        0,
        0,
        null,
        0,
        null,
        null,
        1,
        0,
        null,
        null,
        1,
        null,
        1,
        null,
        null
      ],
      "/Users/nickvo/Documents/Projects/Outdoor_travel_guide/app/controllers/application_controller.rb": [
        1,
        1,
        null,
        1,
        null,
        0,
        null,
        null,
        0,
        0,
        null,
        null,
        null,
        null,
        1,
        null
      ],
      "/Users/nickvo/Documents/Projects/Outdoor_travel_guide/app/helpers/application_helper.rb": [
        1,
        null
      ],
      "/Users/nickvo/Documents/Projects/Outdoor_travel_guide/app/helpers/attractions_helper.rb": [
        1,
        null,
        null,
        null
      ],
      "/Users/nickvo/Documents/Projects/Outdoor_travel_guide/app/helpers/instagrams_helper.rb": [
        1,
        null
      ],
      "/Users/nickvo/Documents/Projects/Outdoor_travel_guide/app/helpers/reviews_helper.rb": [
        1,
        1,
        0,
        0,
        null,
        null
      ],
      "/Users/nickvo/Documents/Projects/Outdoor_travel_guide/app/helpers/static_pages_helper.rb": [
        1,
        null
      ],
      "/Users/nickvo/Documents/Projects/Outdoor_travel_guide/app/helpers/trips_helper.rb": [
        1,
        null
      ],
      "/Users/nickvo/Documents/Projects/Outdoor_travel_guide/app/helpers/users_helper.rb": [
        1,
        null
      ],
      "/Users/nickvo/Documents/Projects/Outdoor_travel_guide/app/controllers/attractions_controller.rb": [
        1,
        1,
        1,
        1,
        1,
        null,
        1,
        null,
        null,
        1,
        0,
        0,
        null,
        null,
        1,
        0,
        null,
        null,
        0,
        0,
        0,
        0,
        null,
        null,
        null,
        1,
        0,
        null,
        null,
        1,
        0,
        null,
        null,
        1,
        0,
        0,
        0,
        0,
        0,
        null,
        null,
        0,
        null,
        null,
        null,
        1,
        null,
        null,
        1,
        0,
        0,
        null,
        0,
        null,
        null,
        null,
        1,
        0,
        0,
        null,
        null,
        1,
        null,
        1,
        0,
        null,
        null,
        1,
        0,
        null,
        null,
        1,
        0,
        null,
        null,
        null
      ],
      "/Users/nickvo/Documents/Projects/Outdoor_travel_guide/app/controllers/instagrams_controller.rb": [
        1,
        1,
        0,
        0,
        null,
        null
      ],
      "/Users/nickvo/Documents/Projects/Outdoor_travel_guide/app/controllers/omniauth_callbacks_controller.rb": [
        1,
        1,
        3,
        null,
        null,
        null,
        null,
        null,
        null,
        null,
        null,
        null,
        null,
        null,
        null,
        null,
        null,
        1,
        3,
        null,
        null,
        1,
        0,
        0,
        null,
        0,
        null,
        null,
        null
      ],
      "/Users/nickvo/Documents/Projects/Outdoor_travel_guide/app/controllers/registrations_controller.rb": [
        1,
        null,
        1,
        null,
        1,
        0,
        null,
        null,
        1,
        0,
        null,
        null
      ],
      "/Users/nickvo/Documents/Projects/Outdoor_travel_guide/app/controllers/reviews_controller.rb": [
        1,
        1,
        1,
        1,
        null,
        1,
        0,
        null,
        null,
        1,
        null,
        null,
        1,
        0,
        null,
        null,
        1,
        null,
        0,
        0,
        0,
        null,
        null,
        0,
        null,
        0,
        0,
        0,
        0,
        null,
        null,
        0,
        null,
        null,
        null,
        1,
        null,
        null,
        1,
        0,
        0,
        null,
        0,
        null,
        null,
        null,
        1,
        0,
        0,
        null,
        null,
        1,
        null,
        1,
        0,
        null,
        null,
        1,
        0,
        null,
        null
      ],
      "/Users/nickvo/Documents/Projects/Outdoor_travel_guide/app/controllers/static_pages_controller.rb": [
        1,
        1,
        null,
        null,
        1,
        null,
        null
      ],
      "/Users/nickvo/Documents/Projects/Outdoor_travel_guide/app/controllers/trips_controller.rb": [
        1,
        null,
        1,
        1,
        1,
        null,
        1,
        0,
        0,
        0,
        0,
        null,
        null,
        null,
        1,
        0,
        null,
        null,
        null,
        1,
        0,
        null,
        null,
        1,
        0,
        null,
        0,
        0,
        0,
        0,
        null,
        null,
        0,
        null,
        null,
        null,
        1,
        0,
        null,
        null,
        1,
        0,
        null,
        0,
        0,
        0,
        0,
        null,
        null,
        0,
        null,
        null,
        null,
        1,
        0,
        0,
        0,
        null,
        null,
        1,
        0,
        0,
        0,
        null,
        null,
        1,
        null,
        1,
        0,
        null,
        null,
        1,
        0,
        null,
        null
      ],
      "/Users/nickvo/Documents/Projects/Outdoor_travel_guide/app/controllers/users_controller.rb": [
        1,
        1,
        null,
        null,
        1,
        0,
        null,
        null,
        null,
        1,
        null,
        null,
        null,
        null,
        1,
        null,
        0,
        0,
        0,
        0,
        0,
        null,
        0,
        0,
        null,
        null,
        null,
        null,
        null,
        1,
        null,
        0,
        0,
        0,
        0,
        null,
        0,
        null,
        null,
        null,
        null,
        null,
        1,
        null,
        0,
        0,
        0,
        0,
        null,
        null,
        null,
        null,
        null,
        null,
        null,
        null,
        null,
        1,
        1,
        0,
        null,
        null,
        1,
        0,
        0,
        0,
        null,
        null
      ],
      "/Users/nickvo/Documents/Projects/Outdoor_travel_guide/app/mailers/user_mailer.rb": [
        1,
        1,
        null,
        1,
        0,
        0,
        0,
        null,
        null
      ],
      "/Users/nickvo/Documents/Projects/Outdoor_travel_guide/app/models/attraction.rb": [
        1,
        1,
        1,
        null,
        1,
        null,
        null,
        1,
        null,
        null,
        1,
        null,
        null,
        null,
        null,
        null,
        null,
        null,
        null,
        null,
        null,
        null,
        null
      ],
      "/Users/nickvo/Documents/Projects/Outdoor_travel_guide/app/models/identity.rb": [
        1,
        1,
        1,
        1,
        null,
        1,
        0,
        null,
        null,
        null
      ],
      "/Users/nickvo/Documents/Projects/Outdoor_travel_guide/app/models/review.rb": [
        1,
        1,
        1,
        1,
        null,
        null,
        null
      ],
      "/Users/nickvo/Documents/Projects/Outdoor_travel_guide/app/models/trip.rb": [
        1,
        null,
        null,
        null,
        null,
        null,
        null,
        null,
        null,
        null,
        null,
        null,
        1,
        1,
        null,
        null
      ],
      "/Users/nickvo/Documents/Projects/Outdoor_travel_guide/spec/factories/identities.rb": [
        1,
        1,
        1,
        1,
        1,
        null,
        null,
        null
      ],
      "/Users/nickvo/Documents/Projects/Outdoor_travel_guide/spec/factories/trips.rb": [
        1,
        1,
        1,
        1,
        null,
        null,
        null
      ],
      "/Users/nickvo/Documents/Projects/Outdoor_travel_guide/test/helpers/reviews_helper_test.rb": [
        1,
        null,
        1,
        null
      ],
      "/Users/nickvo/Documents/Projects/Outdoor_travel_guide/test/helpers/static_pages_helper_test.rb": [
        1,
        null,
        1,
        null
      ],
      "/Users/nickvo/Documents/Projects/Outdoor_travel_guide/test/helpers/users_helper_test.rb": [
        1,
        null,
        1,
        null
      ],
      "/Users/nickvo/Documents/Projects/Outdoor_travel_guide/test/models/attraction_test.rb": [
        1,
        null,
        1,
        null,
        null,
        null,
        null
      ],
      "/Users/nickvo/Documents/Projects/Outdoor_travel_guide/test/models/review_test.rb": [
        1,
        null,
        1,
        null,
        null,
        null,
        null
      ],
      "/Users/nickvo/Documents/Projects/Outdoor_travel_guide/test/models/user_test.rb": [
        1,
        null,
        1,
        null,
        null,
        null,
        null
      ],
      "/Users/nickvo/Documents/Projects/Outdoor_travel_guide/test/controllers/attractions_controller_test.rb": [
        1,
        null,
        1,
        1,
        null,
        1,
        0,
        0,
        null,
        null,
        1,
        0,
        0,
        null,
        null,
        1,
        0,
        0,
        null,
        null,
        1,
        0,
        0,
        null,
        null,
        1,
        0,
        0,
        null,
        null,
        null,
        null,
        null,
        null,
        null,
        null,
        null,
        null,
        null,
        null,
        null
      ],
      "/Users/nickvo/Documents/Projects/Outdoor_travel_guide/test/controllers/reviews_controller_test.rb": [
        1,
        null,
        1,
        1,
        null,
        1,
        0,
        0,
        null,
        null,
        1,
        0,
        0,
        null,
        null,
        1,
        0,
        0,
        null,
        null,
        null
      ],
      "/Users/nickvo/Documents/Projects/Outdoor_travel_guide/test/controllers/static_pages_controller_test.rb": [
        1,
        null,
        1,
        1,
        null,
        1,
        0,
        0,
        0,
        null,
        null,
        1,
        0,
        0,
        null,
        null,
        null
      ],
      "/Users/nickvo/Documents/Projects/Outdoor_travel_guide/test/controllers/users_controller_test.rb": [
        1,
        null,
        1,
        1,
        null,
        null,
        null,
        null
      ]
    },
    "timestamp": 1423086248
  },
  "MiniTest": {
    "coverage": {
      "/Users/nickvo/Documents/Projects/Outdoor_travel_guide/config/environment.rb": [
        null,
        1,
        null,
        null,
        1
      ],
      "/Users/nickvo/Documents/Projects/Outdoor_travel_guide/config/environments/test.rb": [
        1,
        null,
        null,
        null,
        null,
        null,
        null,
        1,
        null,
        null,
        null,
        null,
        1,
        null,
        null,
        1,
        1,
        null,
        null,
        1,
        1,
        null,
        null,
        1,
        null,
        null,
        1,
        null,
        null,
        null,
        null,
        1,
        null,
        null,
        1,
        null,
        null,
        null,
        null
      ],
      "/Users/nickvo/Documents/Projects/Outdoor_travel_guide/config/initializers/assets.rb": [
        null,
        null,
        null,
        1,
        null,
        null,
        null,
        null
      ],
      "/Users/nickvo/Documents/Projects/Outdoor_travel_guide/config/initializers/backtrace_silencers.rb": [
        null,
        null,
        null,
        null,
        null,
        null,
        null
      ],
      "/Users/nickvo/Documents/Projects/Outdoor_travel_guide/config/initializers/cookies_serializer.rb": [
        null,
        null,
        1
      ],
      "/Users/nickvo/Documents/Projects/Outdoor_travel_guide/config/initializers/devise.rb": [
        null,
        null,
        1,
        null,
        null,
        null,
        null,
        null,
        null,
        null,
        null,
        null,
        1,
        null,
        null,
        null,
        null,
        null,
        null,
        null,
        null,
        1,
        null,
        null,
        null,
        null,
        null,
        null,
        null,
        null,
        null,
        null,
        null,
        null,
        null,
        null,
        null,
        null,
        null,
        null,
        null,
        null,
        null,
        1,
        null,
        null,
        null,
        null,
        1,
        null,
        null,
        null,
        null,
        null,
        null,
        null,
        null,
        null,
        null,
        null,
        null,
        null,
        null,
        null,
        null,
        null,
        null,
        null,
        null,
        null,
        null,
        null,
        null,
        null,
        null,
        null,
        null,
        null,
        null,
        1,
        null,
        null,
        null,
        null,
        null,
        null,
        null,
        null,
        null,
        null,
        null,
        null,
        null,
        null,
        null,
        null,
        1,
        null,
        null,
        null,
        null,
        null,
        null,
        null,
        null,
        null,
        null,
        null,
        null,
        null,
        null,
        null,
        null,
        null,
        null,
        null,
        null,
        null,
        null,
        null,
        null,
        1,
        null,
        null,
        null,
        null,
        null,
        null,
        null,
        null,
        null,
        1,
        null,
        null,
        null,
        null,
        null,
        null,
        null,
        null,
        null,
        null,
        1,
        null,
        null,
        null,
        null,
        null,
        null,
        null,
        null,
        null,
        null,
        null,
        null,
        null,
        null,
        null,
        null,
        null,
        null,
        null,
        null,
        null,
        null,
        null,
        null,
        null,
        null,
        null,
        null,
        null,
        null,
        null,
        null,
        null,
        null,
        null,
        null,
        null,
        null,
        null,
        null,
        null,
        null,
        null,
        null,
        null,
        null,
        null,
        null,
        1,
        null,
        null,
        null,
        null,
        null,
        null,
        null,
        null,
        null,
        null,
        null,
        null,
        null,
        null,
        null,
        null,
        null,
        null,
        null,
        null,
        null,
        null,
        null,
        null,
        null,
        null,
        null,
        null,
        null,
        null,
        null,
        null,
        null,
        null,
        null,
        null,
        null,
        1,
        null,
        null,
        null,
        null,
        null,
        null,
        1,
        null,
        null,
        null,
        null,
        null,
        null,
        null,
        null,
        null,
        null,
        null,
        null,
        null,
        null,
        null,
        null,
        null,
        null,
        null,
        null,
        null,
        null,
        null,
        null
      ],
      "/Users/nickvo/Documents/Projects/Outdoor_travel_guide/config/initializers/filter_parameter_logging.rb": [
        null,
        null,
        null,
        1
      ],
      "/Users/nickvo/Documents/Projects/Outdoor_travel_guide/config/initializers/inflections.rb": [
        null,
        null,
        null,
        null,
        null,
        null,
        null,
        null,
        null,
        null,
        null,
        null,
        null,
        null,
        null,
        null
      ],
      "/Users/nickvo/Documents/Projects/Outdoor_travel_guide/config/initializers/mime_types.rb": [
        null,
        null,
        null,
        null
      ],
      "/Users/nickvo/Documents/Projects/Outdoor_travel_guide/config/initializers/session_store.rb": [
        null,
        null,
        1
      ],
      "/Users/nickvo/Documents/Projects/Outdoor_travel_guide/config/initializers/wrap_parameters.rb": [
        null,
        null,
        null,
        null,
        null,
        null,
        1,
        1,
        null,
        null,
        null,
        null,
        null,
        null
      ],
      "/Users/nickvo/Documents/Projects/Outdoor_travel_guide/config/routes.rb": [
        1,
        1,
        1,
        null,
        1,
        1,
        1,
        1,
        1,
        null,
        1,
        1,
        1,
        1,
        1,
        null,
        1,
        null,
        null
      ],
      "/Users/nickvo/Documents/Projects/Outdoor_travel_guide/app/models/user.rb": [
        1,
        1,
        1,
        null,
        1,
        null,
        null,
        1,
        null,
        null,
        null,
        1,
        null,
        null,
        1,
        1,
        null,
        1,
        null,
        1,
        null,
        null,
        0,
        null,
        null,
        null,
        null,
        null,
        0,
        null,
        null,
        0,
        null,
        null,
        null,
        null,
        0,
        0,
        0,
        null,
        null,
        0,
        0,
        null,
        null,
        null,
        null,
        0,
        null,
        null,
        null,
        null,
        0,
        0,
        0,
        null,
        0,
        null,
        null,
        1,
        2,
        null,
        null,
        null
      ],
      "/Users/nickvo/Documents/Projects/Outdoor_travel_guide/app/controllers/application_controller.rb": [
        1,
        1,
        null,
        1,
        null,
        5,
        null,
        null,
        5,
        0,
        null,
        null,
        null,
        null,
        1,
        null
      ],
      "/Users/nickvo/Documents/Projects/Outdoor_travel_guide/app/helpers/application_helper.rb": [
        1,
        null
      ],
      "/Users/nickvo/Documents/Projects/Outdoor_travel_guide/app/helpers/attractions_helper.rb": [
        1,
        null,
        null,
        null
      ],
      "/Users/nickvo/Documents/Projects/Outdoor_travel_guide/app/helpers/instagrams_helper.rb": [
        1,
        null
      ],
      "/Users/nickvo/Documents/Projects/Outdoor_travel_guide/app/helpers/reviews_helper.rb": [
        1,
        1,
        0,
        0,
        null,
        null
      ],
      "/Users/nickvo/Documents/Projects/Outdoor_travel_guide/app/helpers/static_pages_helper.rb": [
        1,
        null
      ],
      "/Users/nickvo/Documents/Projects/Outdoor_travel_guide/app/helpers/trips_helper.rb": [
        1,
        null
      ],
      "/Users/nickvo/Documents/Projects/Outdoor_travel_guide/app/helpers/users_helper.rb": [
        1,
        null
      ],
      "/Users/nickvo/Documents/Projects/Outdoor_travel_guide/app/controllers/attractions_controller.rb": [
        1,
        1,
        1,
        1,
        1,
        null,
        1,
        null,
        null,
        1,
        0,
        0,
        null,
        null,
        1,
        0,
        null,
        0,
        0,
        0,
        null,
        null,
        null,
        null,
        null,
        null,
        null,
        1,
        0,
        null,
        null,
        1,
        1,
        0,
        0,
        0,
        0,
        null,
        null,
        0,
        null,
        null,
        null,
        1,
        null,
        null,
        1,
        0,
        0,
        null,
        0,
        null,
        null,
        null,
        1,
        0,
        0,
        null,
        null,
        1,
        null,
        1,
        2,
        null,
        null,
        1,
        0,
        null,
        null,
        1,
        1,
        null,
        null,
        null
      ],
      "/Users/nickvo/Documents/Projects/Outdoor_travel_guide/app/controllers/instagrams_controller.rb": [
        1,
        1,
        0,
        0,
        null,
        null
      ],
      "/Users/nickvo/Documents/Projects/Outdoor_travel_guide/app/controllers/omniauth_callbacks_controller.rb": [
        1,
        1,
        3,
        null,
        null,
        null,
        null,
        null,
        null,
        null,
        null,
        null,
        null,
        null,
        null,
        null,
        null,
        1,
        3,
        null,
        null,
        1,
        0,
        0,
        null,
        0,
        null,
        null,
        null
      ],
      "/Users/nickvo/Documents/Projects/Outdoor_travel_guide/app/controllers/registrations_controller.rb": [
        1,
        null,
        1,
        null,
        1,
        0,
        null,
        null,
        1,
        0,
        null,
        null
      ],
      "/Users/nickvo/Documents/Projects/Outdoor_travel_guide/app/controllers/reviews_controller.rb": [
        1,
        1,
        1,
        1,
        null,
        null,
        null,
        null,
        null,
        null,
        null,
        null,
        1,
        0,
        null,
        null,
        1,
        0,
        0,
        0,
        0,
        0,
        0,
        0,
        0,
        null,
        null,
        0,
        null,
        null,
        null,
        1,
        0,
        null,
        null,
        1,
        0,
        0,
        null,
        0,
        null,
        null,
        null,
        1,
        0,
        0,
        null,
        null,
        1,
        null,
        1,
        0,
        null,
        null,
        1,
        0,
        null,
        null
      ],
      "/Users/nickvo/Documents/Projects/Outdoor_travel_guide/app/controllers/static_pages_controller.rb": [
        1,
        1,
        null,
        null,
        1,
        null,
        null
      ],
      "/Users/nickvo/Documents/Projects/Outdoor_travel_guide/app/controllers/trips_controller.rb": [
        1,
        1,
        1,
        1,
        null,
        1,
        1,
        1,
        1,
        1,
        null,
        null,
        null,
        1,
        1,
        null,
        null,
        1,
        1,
        null,
        null,
        1,
        0,
        0,
        0,
        0,
        0,
        null,
        null,
        0,
        null,
        null,
        null,
        1,
        1,
        null,
        null,
        1,
        0,
        0,
        0,
        0,
        0,
        null,
        null,
        0,
        null,
        null,
        null,
        1,
        1,
        1,
        1,
        null,
        null,
        1,
        1,
        1,
        1,
        null,
        null,
        1,
        null,
        1,
        2,
        null,
        null,
        1,
        0,
        null,
        null
      ],
      "/Users/nickvo/Documents/Projects/Outdoor_travel_guide/app/controllers/users_controller.rb": [
        1,
        1,
        null,
        null,
        1,
        1,
        null,
        null,
        null,
        1,
        null,
        null,
        null,
        null,
        1,
        null,
        0,
        0,
        0,
        0,
        0,
        null,
        0,
        0,
        null,
        null,
        null,
        null,
        null,
        1,
        null,
        0,
        0,
        0,
        0,
        null,
        0,
        null,
        null,
        null,
        null,
        null,
        null,
        null,
        null,
        null,
        null,
        null,
        null,
        null,
        null,
        null,
        null,
        null,
        null,
        null,
        null,
        1,
        1,
        1,
        null,
        null,
        1,
        0,
        0,
        0,
        null,
        null
      ],
      "/Users/nickvo/Documents/Projects/Outdoor_travel_guide/app/mailers/user_mailer.rb": [
        1,
        1,
        null,
        1,
        1,
        1,
        1,
        null,
        null
      ],
      "/Users/nickvo/Documents/Projects/Outdoor_travel_guide/app/models/attraction.rb": [
        1,
        1,
        null,
        1,
        1,
        null,
        null,
        1,
        null,
        null,
        1,
        null,
        null,
        null,
        null,
        null,
        null,
        null,
        null,
        null,
        null,
        null,
        null,
        null
      ],
      "/Users/nickvo/Documents/Projects/Outdoor_travel_guide/app/models/identity.rb": [
        1,
        1,
        1,
        1,
        null,
        1,
        0,
        null,
        null,
        null
      ],
      "/Users/nickvo/Documents/Projects/Outdoor_travel_guide/app/models/review.rb": [
        1,
        1,
        1,
        1,
        null,
        null,
        null
      ],
      "/Users/nickvo/Documents/Projects/Outdoor_travel_guide/app/models/trip.rb": [
        1,
        1,
        1,
        null,
        null,
        null,
        null,
        null,
        null,
        null,
        null,
        null,
        null,
        null
      ],
      "/Users/nickvo/Documents/Projects/Outdoor_travel_guide/test/helpers/reviews_helper_test.rb": [
        1,
        null,
        1,
        null
      ],
      "/Users/nickvo/Documents/Projects/Outdoor_travel_guide/test/helpers/static_pages_helper_test.rb": [
        1,
        null,
        1,
        null
      ],
      "/Users/nickvo/Documents/Projects/Outdoor_travel_guide/test/helpers/users_helper_test.rb": [
        1,
        null,
        1,
        null
      ],
      "/Users/nickvo/Documents/Projects/Outdoor_travel_guide/test/models/attraction_test.rb": [
        1,
        null,
        1,
        null,
        null,
        null,
        null
      ],
      "/Users/nickvo/Documents/Projects/Outdoor_travel_guide/test/models/review_test.rb": [
        1,
        null,
        1,
        null,
        null,
        null,
        null
      ],
      "/Users/nickvo/Documents/Projects/Outdoor_travel_guide/test/models/user_test.rb": [
        1,
        null,
        1,
        null,
        null,
        null,
        null
      ],
      "/Users/nickvo/Documents/Projects/Outdoor_travel_guide/test/controllers/attractions_controller_test.rb": [
        1,
        null,
        1,
        1,
        null,
        1,
        1,
        1,
        null,
        null,
        1,
        1,
        0,
        null,
        null,
        1,
        1,
        1,
        null,
        null,
        1,
        1,
        0,
        null,
        null,
        1,
        1,
        1,
        null,
        null,
        null,
        null,
        null,
        null,
        null,
        null,
        null,
        null,
        null,
        null,
        null
      ],
      "/Users/nickvo/Documents/Projects/Outdoor_travel_guide/test/controllers/reviews_controller_test.rb": [
        1,
        null,
        1,
        1,
        null,
        null,
        null,
        null,
        null,
        null,
        null,
        null,
        null,
        null,
        null,
        1,
        1,
        1,
        null,
        null,
        null
      ],
      "/Users/nickvo/Documents/Projects/Outdoor_travel_guide/test/controllers/static_pages_controller_test.rb": [
        1,
        null,
        1,
        1,
        null,
        1,
        1,
        1,
        1,
        null,
        null,
        1,
        1,
        1,
        null,
        null,
        null
      ],
      "/Users/nickvo/Documents/Projects/Outdoor_travel_guide/test/controllers/trips_controller_test.rb": [
        1,
        null,
        1,
        1,
        null,
        1,
        1,
        1,
        1,
        1,
        null,
        null,
        null,
        1,
        1,
        1,
        1,
        1,
        1,
        null,
        null,
        null,
        1,
        1,
        1,
        1,
        1,
        null,
        null,
        null,
        null,
        null,
        null,
        null,
        null,
        null,
        null,
        null,
        null,
        1,
        1,
        1,
        1,
        1,
        1,
        null,
        null,
        null,
        null,
        null,
        null,
        null,
        null,
        null,
        null,
        null,
        null,
        1,
        1,
        1,
        1,
        1,
        1,
        null,
        null,
        null,
        null,
        1,
        1,
        1,
        1,
        1,
        1,
        null,
        null,
        null,
        null,
        null,
        null
      ],
      "/Users/nickvo/Documents/Projects/Outdoor_travel_guide/test/controllers/users_controller_test.rb": [
        1,
        null,
        1,
        1,
        null,
        null,
        null,
        1,
        1,
        null,
        null,
        1,
        1,
        null,
        null,
        null,
        null,
        null
      ]
    },
    "timestamp": 1423502417
  }
}
